C51 COMPILER V9.59.0.0   MOTOR                                                             03/21/2019 11:35:23 PAGE 1   


C51 COMPILER V9.59.0.0, COMPILATION OF MODULE MOTOR
OBJECT MODULE PLACED IN .\Objects\MOTOR.obj
COMPILER INVOKED BY: C:\Keil_v5\C51\BIN\C51.EXE HARDWARE\MOTOR.c LARGE OPTIMIZE(8,SPEED) BROWSE INCDIR(.\HARDWARE;.\LIB)
                    - DEBUG OBJECTEXTEND PRINT(.\Listings\MOTOR.lst) TABS(2) OBJECT(.\Objects\MOTOR.obj)

line level    source

   1          #include "STC15.h"
   2          #include "IO.h"
   3          #include "STDFUNC.h"
   4          #include "PWM.h"
   5          #include "MOTOR.h"
   6          
   7          //Motor Init
   8          void Motor_Init()
   9          {
  10   1        int i;
  11   1        PWM_Init();
  12   1        for(i = AIN1; i <= AIN2_2 ; i++)  
  13   1          pinMode(4, i, OUTPUT_PP); 
  14   1        for(i = BIN2_1; i <= BIN2_2;i++)
  15   1          pinMode(0, i, OUTPUT_PP);
  16   1      }
  17          
  18          //Set Motor First
  19          void Motor_f(int value)
  20          {
  21   1        if(value > 0)
  22   1        {
  23   2         //digitalWrite(OUTPUT_PP, 4, AIN1, 1); //0
  24   2         //digitalWrite(OUTPUT_PP, 4, AIN2, 0);//1
  25   2          P40=1;
  26   2          P41=0;
  27   2          
  28   2        }
  29   1        else
  30   1        {
  31   2          //digitalWrite(OUTPUT_PP, 4, AIN1, 0);
  32   2          //digitalWrite(OUTPUT_PP, 4, AIN2, 1);
  33   2          P40=0;
  34   2          P41=1;
  35   2          value *= -1;
  36   2        }
  37   1        PWM3_Output(value);
  38   1      }
  39          
  40          //Set Motor Second
  41          void Motor_s(int value)
  42          {
  43   1        if(value > 0)
  44   1        {
  45   2        //  digitalWrite(OUTPUT_PP, 4, BIN1, 1);    //u8 IOMode, u8 IOGroup, u8 IONumber, u8 content)
  46   2        //  digitalWrite(OUTPUT_PP, 4, BIN2, 0);
  47   2          P42=1;
  48   2          P43=0;
  49   2        }
  50   1        else
  51   1        {
  52   2        //  digitalWrite(OUTPUT_PP, 4, BIN1, 0);
  53   2        //  digitalWrite(OUTPUT_PP, 4, BIN2, 1);
  54   2          P42=0;
C51 COMPILER V9.59.0.0   MOTOR                                                             03/21/2019 11:35:23 PAGE 2   

  55   2          P43=1;
  56   2          value *= -1;
  57   2        }
  58   1        PWM4_Output(value);
  59   1      }
  60          //Set Motor Third
  61          void Motor_t(int value)
  62          {
  63   1        if(value > 0)
  64   1        {
  65   2          //digitalWrite(OUTPUT_PP, 4, AIN2_1, 1);    //u8 IOMode, u8 IOGroup, u8 IONumber, u8 content)
  66   2          //digitalWrite(OUTPUT_PP, 4, AIN2_2, 0);
  67   2          P44=1;
  68   2          P45=0;
  69   2        }
  70   1        else
  71   1        {
  72   2          //digitalWrite(OUTPUT_PP, 4, AIN2_1, 0);
  73   2          //digitalWrite(OUTPUT_PP, 4, AIN2_2, 1);
  74   2          P44=0;
  75   2          P45=1;
  76   2          value *= -1;
  77   2        }
  78   1        PWM5_Output(value);
  79   1      }
  80          //Set Motor Fourth
  81          void Motor_fo(int value)
  82          {
  83   1      
  84   1        if(value > 0)
  85   1        {   
  86   2        //digitalWrite(OUTPUT_PP, 0, BIN2_1, 1);
  87   2        //digitalWrite(OUTPUT_PP, 0, BIN2_2, 0);
  88   2          P05=1;
  89   2          P06=0;    
  90   2        }
  91   1        else
  92   1        {
  93   2      
  94   2        //digitalWrite(OUTPUT_PP, 0, BIN2_1, 0);    //u8 IOMode, u8 IOGroup, u8 IONumber, u8 content)
  95   2        //digitalWrite(OUTPUT_PP, 0, BIN2_2, 1);
  96   2          P05=0;
  97   2          P06=1;    
  98   2          value *= -1;
  99   2        }
 100   1        PWM6_Output(value); 
 101   1      }
 102          


MODULE INFORMATION:   STATIC OVERLAYABLE
   CODE SIZE        =    230    ----
   CONSTANT SIZE    =   ----    ----
   XDATA SIZE       =   ----       2
   PDATA SIZE       =   ----    ----
   DATA SIZE        =   ----    ----
   IDATA SIZE       =   ----    ----
   BIT SIZE         =   ----    ----
END OF MODULE INFORMATION.


C51 COMPILATION COMPLETE.  0 WARNING(S),  0 ERROR(S)
