C51 COMPILER V9.59.0.0   SERVO                                                             03/21/2019 11:35:23 PAGE 1   


C51 COMPILER V9.59.0.0, COMPILATION OF MODULE SERVO
OBJECT MODULE PLACED IN .\Objects\SERVO.obj
COMPILER INVOKED BY: C:\Keil_v5\C51\BIN\C51.EXE HARDWARE\SERVO.c LARGE OPTIMIZE(8,SPEED) BROWSE INCDIR(.\HARDWARE;.\LIB)
                    - DEBUG OBJECTEXTEND PRINT(.\Listings\SERVO.lst) TABS(2) OBJECT(.\Objects\SERVO.obj)

line level    source

   1          #include "STC15.h"
   2          #include "STDFUNC.h"
   3          #include "SERVO.h"
   4          #include "USART.h"
   5          #include "PID.h"
   6          #include "MOTOR.h"
   7          #include "PWM.h"
   8          #include "math.h"
   9          int runpuls=0,aaaaa=0;
  10          int puls_count1=0;
  11          int RANGE[]={0,0,0,0};
  12          int FINISH=0;
  13          bit T_3=0,S_3=0,T_0=0,S_0=0,S_1=0,T_1=0,S_2=0,T_2=0;
  14          //10s@30.000Mhz
  15          void Timer0Init(void)  
  16          {
  17   1        EA  = 0;
  18   1        ET0 = 0;
  19   1        TR0 = 0;
  20   1        AUXR |= 0x80;   
  21   1        TMOD &= 0xF0;   
  22   1      //  TL0 = 0x80;   
  23   1      //  TH0 = 0xF8; 
  24   1      //  TL0 = 0x7C;   //??????
  25   1      //  TH0 = 0xFC;   //?????? 30
  26   1        TL0 = 0xB6;   //??????
  27   1        TH0 = 0xFE;   //??????  10
  28   1        TF0 = 0;
  29   1        TR0 = 1;
  30   1        ET0 = 1;
  31   1        EA  = 1;
  32   1      }
  33                                                                                                                    
             -                                        
  34          void Timer0_ISP() interrupt 1 
  35          {
  36   1       static char COM_POLL=0;
  37   1        switch(COM_POLL)
  38   1         {
  39   2           
  40   2           case 0:
  41   2           {
  42   3             S_0=P26;
  43   3            if(S_0^T_0)
  44   3            {
  45   4                T_0=S_0;
  46   4                if(S_0==0)
  47   4                {
  48   5                    if(P36==1)
  49   5                    {
  50   6                        RANGE[0]++;
  51   6                    }
  52   5                    else
  53   5                    {
C51 COMPILER V9.59.0.0   SERVO                                                             03/21/2019 11:35:23 PAGE 2   

  54   6                        RANGE[0]--;
  55   6                    }
  56   5                }
  57   4                else
  58   4                {
  59   5                    if(P36==0)
  60   5                    {
  61   6                        RANGE[0]++;
  62   6                    }
  63   5                    else
  64   5                    {
  65   6                        RANGE[0]--;
  66   6                    }
  67   5                }
  68   4            }
  69   3            COM_POLL=1;
  70   3          }  
  71   2            break;
  72   2           
  73   2         case 1:
  74   2          {
  75   3           
  76   3           S_1=P25;
  77   3            if(S_1^T_1)
  78   3            {
  79   4                T_1=S_1;
  80   4                if(S_1==0)
  81   4                {
  82   5                    if(P33==1)
  83   5                    {
  84   6                        RANGE[1]++;
  85   6                    }
  86   5                    else
  87   5                    {
  88   6                        RANGE[1]--;
  89   6                    }
  90   5                }
  91   4                else
  92   4                {
  93   5                    if(P33==0)
  94   5                    {
  95   6                        RANGE[1]++;
  96   6                    }
  97   5                    else
  98   5                    {
  99   6                        RANGE[1]--;
 100   6                    }
 101   5                }
 102   4      
 103   4              }  
 104   3            COM_POLL=2;
 105   3              }
 106   2              break;
 107   2         case 2:
 108   2           
 109   2         {
 110   3          S_2=P24;
 111   3          if(S_2^T_2)
 112   3          {
 113   4              T_2=S_2;
 114   4              if(S_2==0)
 115   4              {
C51 COMPILER V9.59.0.0   SERVO                                                             03/21/2019 11:35:23 PAGE 3   

 116   5                  if(P37==1)
 117   5                  {
 118   6      
 119   6                      RANGE[2]++;
 120   6                  }
 121   5                  else
 122   5                  {
 123   6      
 124   6                      RANGE[2]--;
 125   6                  }
 126   5              }
 127   4              else
 128   4              {
 129   5                  if(P37==0)
 130   5                  {
 131   6      
 132   6                     RANGE[2]++;
 133   6                  }
 134   5                  else
 135   5                  {
 136   6                     RANGE[2]--;
 137   6                  }
 138   5              }
 139   4      
 140   4          }
 141   3            COM_POLL=3;
 142   3         }
 143   2         break;
 144   2           case 3:     
 145   2           {
 146   3            S_3=P20;
 147   3            if(S_3^T_3)
 148   3          {
 149   4              T_3=S_3;
 150   4              if(S_3==0)
 151   4              {
 152   5                  if(P32==1)
 153   5                  {
 154   6                      RANGE[3]++;
 155   6                  }
 156   5                  else
 157   5                  {
 158   6                      RANGE[3]--;
 159   6                  }
 160   5              }
 161   4              else
 162   4              {
 163   5                  if(P32==0)
 164   5                  {
 165   6                      RANGE[3]++;
 166   6                  }
 167   5                  else
 168   5                  {
 169   6                      RANGE[3]--;
 170   6                  }
 171   5              }
 172   4          }
 173   3          
 174   3          COM_POLL=0;
 175   3        }
 176   2           break;
 177   2          
C51 COMPILER V9.59.0.0   SERVO                                                             03/21/2019 11:35:23 PAGE 4   

 178   2         }
 179   1      }
 180          
 181          
 182          
 183          


MODULE INFORMATION:   STATIC OVERLAYABLE
   CODE SIZE        =    385    ----
   CONSTANT SIZE    =   ----    ----
   XDATA SIZE       =     17    ----
   PDATA SIZE       =   ----    ----
   DATA SIZE        =   ----    ----
   IDATA SIZE       =   ----    ----
   BIT SIZE         =      8    ----
END OF MODULE INFORMATION.


C51 COMPILATION COMPLETE.  0 WARNING(S),  0 ERROR(S)
