C51 COMPILER V9.59.0.0   STDFUNC                                                           03/21/2019 11:35:23 PAGE 1   


C51 COMPILER V9.59.0.0, COMPILATION OF MODULE STDFUNC
OBJECT MODULE PLACED IN .\Objects\STDFUNC.obj
COMPILER INVOKED BY: C:\Keil_v5\C51\BIN\C51.EXE LIB\STDFUNC.c LARGE OPTIMIZE(8,SPEED) BROWSE INCDIR(.\HARDWARE;.\LIB) DE
                    -BUG OBJECTEXTEND PRINT(.\Listings\STDFUNC.lst) TABS(2) OBJECT(.\Objects\STDFUNC.obj)

line level    source

   1          #include "STC15.h"
   2          #include "IO.h"
   3          #include "PWM.h"
   4          #include "STDFUNC.h"
   5          
   6          //Delay 1ms for 30Mhz Clock
   7          void delay_ms(unsigned int t)
   8          {
   9   1        unsigned char i, j;
  10   1        while(t--)
  11   1        {
  12   2          i = 30;
  13   2          j = 43;
  14   2          do
  15   2          {
  16   3            while (--j);
  17   3          }
  18   2          while (--i);
  19   2        }
  20   1      }
  21          
  22          //Select the max number
  23          int maxInt(int numA, int numB)
  24          {
  25   1        if(numA > numB)return numA;
  26   1        return numB;
  27   1      }
  28          
  29          
  30          //Select the max number
  31          double maxDouble(double numA, double numB)
  32          {
  33   1        if(numA > numB)return numA;
  34   1        return numB;
  35   1      }
  36          
  37          
  38          //Select the min number
  39          int minInt(int numA, int numB)
  40          {
  41   1        if(numA < numB)return numA;
  42   1        return numB;
  43   1      }
  44          
  45          //Select the min number
  46          double minDouble(double numA, double numB)
  47          {
  48   1        if(numA < numB)return numA;
  49   1        return numB;
  50   1      }
  51          


MODULE INFORMATION:   STATIC OVERLAYABLE
C51 COMPILER V9.59.0.0   STDFUNC                                                           03/21/2019 11:35:23 PAGE 2   

   CODE SIZE        =    179    ----
   CONSTANT SIZE    =   ----    ----
   XDATA SIZE       =   ----      16
   PDATA SIZE       =   ----    ----
   DATA SIZE        =   ----    ----
   IDATA SIZE       =   ----    ----
   BIT SIZE         =   ----    ----
END OF MODULE INFORMATION.


C51 COMPILATION COMPLETE.  0 WARNING(S),  0 ERROR(S)
